\BOOKMARK [0][-]{chapter*.2}{\376\377\004\022\004\062\004\065\004\064\004\065\004\075\004\070\004\065}{}% 1
\BOOKMARK [0][-]{chapter.1}{\376\377\004\020\004\075\004\060\004\073\004\070\004\102\004\070\004\107\004\065\004\101\004\072\004\070\004\071\000\040\004\076\004\061\004\067\004\076\004\100\000\040\004\073\004\070\004\102\004\065\004\100\004\060\004\102\004\103\004\100\004\113}{}% 2
\BOOKMARK [1][-]{section.1.1}{\376\377\004\021\004\060\004\067\004\076\004\062\004\113\004\065\000\040\004\074\004\065\004\102\004\076\004\064\004\113\000\040\004\070\000\040\004\077\004\076\004\064\004\105\004\076\004\064\004\113\000\040\004\076\004\061\004\100\004\060\004\061\004\076\004\102\004\072\004\070\000\040\004\102\004\065\004\072\004\101\004\102\004\060}{chapter.1}% 3
\BOOKMARK [2][-]{subsection.1.1.1}{\376\377\004\040\004\065\004\063\004\103\004\073\004\117\004\100\004\075\004\113\004\065\000\040\004\062\004\113\004\100\004\060\004\066\004\065\004\075\004\070\004\117}{section.1.1}% 4
\BOOKMARK [2][-]{subsection.1.1.2}{\376\377\004\035\004\076\004\100\004\074\004\060\004\073\004\070\004\067\004\060\004\106\004\070\004\117\000\040\004\102\004\065\004\072\004\101\004\102\004\060}{section.1.1}% 5
\BOOKMARK [2][-]{subsection.1.1.3}{\376\377\000B\000y\000t\000e\000\040\000P\000a\000i\000r\000\040\000E\000n\000c\000o\000d\000i\000n\000g}{section.1.1}% 6
\BOOKMARK [2][-]{subsection.1.1.4}{\376\377\000W\000o\000r\000d\000P\000i\000e\000c\000e}{section.1.1}% 7
\BOOKMARK [2][-]{subsection.1.1.5}{\376\377\004\035\004\076\004\100\004\074\004\060\004\073\004\070\004\067\004\060\004\106\004\070\004\117\000\040\004\101\004\073\004\076\004\062\000,\000\040\004\073\004\065\004\074\004\074\004\060\004\102\004\070\004\067\004\060\004\106\004\070\004\117\000,\000\040\004\101\004\102\004\065\004\074\004\074\004\070\004\075\004\063}{section.1.1}% 8
\BOOKMARK [2][-]{subsection.1.1.6}{\376\377\004\040\004\060\004\101\004\101\004\102\004\076\004\117\004\075\004\070\004\065\000\040\004\033\004\065\004\062\004\065\004\075\004\110\004\102\004\065\004\071\004\075\004\060}{section.1.1}% 9
\BOOKMARK [1][-]{section.1.2}{\376\377\004\057\004\067\004\113\004\072\004\076\004\062\004\113\004\065\000\040\004\074\004\076\004\064\004\065\004\073\004\070\000\040\004\076\004\101\004\075\004\076\004\062\004\060\004\075\004\075\004\113\004\065\000\040\004\075\004\060\000\040\000N\000-\004\063\004\100\004\060\004\074\004\074\004\060\004\105\000.}{chapter.1}% 10
\BOOKMARK [2][-]{subsection.1.2.1}{\376\377\000N\000-\004\063\004\100\004\060\004\074\004\074\004\113}{section.1.2}% 11
\BOOKMARK [2][-]{subsection.1.2.2}{\376\377\004\036\004\106\004\065\004\075\004\072\004\060\000\040\004\117\004\067\004\113\004\072\004\076\004\062\004\113\004\105\000\040\004\074\004\076\004\064\004\065\004\073\004\065\004\071}{section.1.2}% 12
\BOOKMARK [2][-]{subsection.1.2.3}{\376\377\004\037\004\065\004\100\004\077\004\073\004\065\004\072\004\101\004\070\004\117}{section.1.2}% 13
\BOOKMARK [2][-]{subsection.1.2.4}{\376\377\004\035\004\065\004\070\004\067\004\062\004\065\004\101\004\102\004\075\004\113\004\065\000\040\004\101\004\073\004\076\004\062\004\060}{section.1.2}% 14
\BOOKMARK [2][-]{subsection.1.2.5}{\376\377\004\041\004\063\004\073\004\060\004\066\004\070\004\062\004\060\004\075\004\070\004\065}{section.1.2}% 15
\BOOKMARK [2][-]{subsection.1.2.6}{\376\377\004\030\004\075\004\102\004\065\004\100\004\077\004\076\004\073\004\117\004\106\004\070\004\117}{section.1.2}% 16
\BOOKMARK [1][-]{section.1.3}{\376\377\004\037\004\076\004\064\004\105\004\076\004\064\004\113\000\040\004\070\000\040\004\074\004\065\004\102\004\076\004\064\004\113\000,\000\040\004\076\004\101\004\075\004\076\004\062\004\060\004\075\004\075\004\113\004\065\000\040\004\075\004\060\000\040\004\075\004\060\004\070\004\062\004\075\004\076\004\074\000\040\004\021\004\060\004\071\004\065\004\101\004\065\000.}{chapter.1}% 17
\BOOKMARK [2][-]{subsection.1.3.1}{\376\377\004\035\004\060\004\070\004\062\004\075\004\113\004\071\000\040\004\021\004\060\004\071\004\065\004\101}{section.1.3}% 18
\BOOKMARK [2][-]{subsection.1.3.2}{\376\377\004\035\004\060\004\070\004\062\004\075\004\113\004\071\000\040\004\021\004\060\004\071\004\065\004\101\000\040\004\072\004\060\004\072\000\040\004\073\004\070\004\075\004\063\004\062\004\070\004\101\004\102\004\070\004\107\004\065\004\101\004\072\004\060\004\117\000\040\004\074\004\076\004\064\004\065\004\073\004\114}{section.1.3}% 19
\BOOKMARK [2][-]{subsection.1.3.3}{\376\377\004\034\004\065\004\102\004\100\004\070\004\072\004\070\000:\000\040\004\102\004\076\004\107\004\075\004\076\004\101\004\102\004\114\000,\000\040\004\077\004\076\004\073\004\075\004\076\004\102\004\060\000,\000\040\000F\000-\004\074\004\065\004\100\004\060}{section.1.3}% 20
\BOOKMARK [2][-]{subsection.1.3.4}{\376\377\004\042\004\065\004\101\004\102\004\076\004\062\004\113\004\065\000\040\004\062\004\113\004\061\004\076\004\100\004\072\004\070\000\040\004\070\000\040\004\072\004\100\004\076\004\101\004\101\000-\004\062\004\060\004\073\004\070\004\064\004\060\004\106\004\070\004\117}{section.1.3}% 21
\BOOKMARK [1][-]{section.1.4}{\376\377\004\022\004\065\004\100\004\076\004\117\004\102\004\075\004\076\004\101\004\102\004\075\004\113\004\065\000\040\004\102\004\065\004\074\004\060\004\102\004\070\004\107\004\065\004\101\004\072\004\070\004\065\000\040\004\074\004\076\004\064\004\065\004\073\004\070}{chapter.1}% 22
\BOOKMARK [2][-]{subsection.1.4.1}{\376\377\004\022\004\065\004\100\004\076\004\117\004\102\004\075\004\076\004\101\004\102\004\075\004\113\004\071\000\040\004\073\004\060\004\102\004\065\004\075\004\102\004\075\004\113\004\071\000\040\004\101\004\065\004\074\004\060\004\075\004\102\004\070\004\107\004\065\004\101\004\072\004\070\004\071\000\040\004\060\004\075\004\060\004\073\004\070\004\067}{section.1.4}% 23
\BOOKMARK [2][-]{subsection.1.4.2}{\376\377\004\033\004\060\004\102\004\065\004\075\004\102\004\075\004\076\004\065\000\040\004\100\004\060\004\067\004\074\004\065\004\111\004\065\004\075\004\070\004\065\000\040\004\024\004\070\004\100\004\070\004\105\004\073\004\065}{section.1.4}% 24
\BOOKMARK [2][-]{subsection.1.4.3}{\376\377\004\040\004\060\004\101\004\077\004\100\004\065\004\064\004\065\004\073\004\065\004\075\004\070\004\065\000\040\004\024\004\070\004\100\004\070\004\105\004\073\004\065}{section.1.4}% 25
\BOOKMARK [1][-]{section.1.5}{\376\377\004\033\004\076\004\063\004\070\004\101\004\102\004\070\004\107\004\065\004\101\004\072\004\060\004\117\000\040\004\100\004\065\004\063\004\100\004\065\004\101\004\101\004\070\004\117}{chapter.1}% 26
\BOOKMARK [2][-]{subsection.1.5.1}{\376\377\004\023\004\065\004\075\004\065\004\100\004\060\004\102\004\070\004\062\004\075\004\113\004\065\000\040\004\070\000\040\004\064\004\070\004\101\004\072\004\100\004\070\004\074\004\070\004\075\004\060\004\102\004\070\004\062\004\075\004\113\004\065\000\040\004\072\004\073\004\060\004\101\004\101\004\070\004\104\004\070\004\072\004\060\004\102\004\076\004\100\004\113}{section.1.5}% 27
\BOOKMARK [2][-]{subsection.1.5.2}{\376\377\004\032\004\076\004\074\004\077\004\076\004\075\004\065\004\075\004\102\004\113\000\040\004\062\004\065\004\100\004\076\004\117\004\102\004\075\004\076\004\101\004\102\004\075\004\076\004\063\004\076\000\040\004\072\004\073\004\060\004\101\004\101\004\070\004\104\004\070\004\072\004\060\004\102\004\076\004\100\004\060\000\040\004\064\004\073\004\117\000\040\004\074\004\060\004\110\004\070\004\075\004\075\004\076\004\063\004\076\000\040\004\076\004\061\004\103\004\107\004\065\004\075\004\070\004\117}{section.1.5}% 28
\BOOKMARK [2][-]{subsection.1.5.3}{\376\377\004\032\004\073\004\060\004\101\004\101\004\070\004\104\004\070\004\072\004\060\004\106\004\070\004\117\000:\000\040\004\101\004\070\004\063\004\074\004\076\004\070\004\064\004\060}{section.1.5}% 29
\BOOKMARK [2][-]{subsection.1.5.4}{\376\377\004\036\004\061\004\103\004\107\004\065\004\075\004\070\004\065\000\040\004\073\004\076\004\063\004\070\004\101\004\102\004\070\004\107\004\065\004\101\004\072\004\076\004\071\000\040\004\100\004\065\004\063\004\100\004\065\004\101\004\101\004\070\004\070}{section.1.5}% 30
\BOOKMARK [2][-]{subsection.1.5.5}{\376\377\004\044\004\103\004\075\004\072\004\106\004\070\004\117\000\040\004\077\004\076\004\102\004\065\004\100\004\114\000\040\004\072\004\100\004\076\004\101\004\101\000-\004\115\004\075\004\102\004\100\004\076\004\077\004\070\004\070}{section.1.5}% 31
\BOOKMARK [2][-]{subsection.1.5.6}{\376\377\004\023\004\100\004\060\004\064\004\070\004\065\004\075\004\102\004\075\004\113\004\071\000\040\004\101\004\077\004\103\004\101\004\072}{section.1.5}% 32
\BOOKMARK [2][-]{subsection.1.5.7}{\376\377\004\023\004\100\004\060\004\064\004\070\004\065\004\075\004\102\000\040\004\064\004\073\004\117\000\040\004\073\004\076\004\063\004\070\004\101\004\102\004\070\004\107\004\065\004\101\004\072\004\076\004\071\000\040\004\100\004\065\004\063\004\100\004\065\004\101\004\101\004\070\004\070}{section.1.5}% 33
\BOOKMARK [2][-]{subsection.1.5.8}{\376\377\004\020\004\073\004\063\004\076\004\100\004\070\004\102\004\074\000\040\004\101\004\102\004\076\004\105\004\060\004\101\004\102\004\070\004\107\004\065\004\101\004\072\004\076\004\063\004\076\000\040\004\063\004\100\004\060\004\064\004\070\004\065\004\075\004\102\004\075\004\076\004\063\004\076\000\040\004\101\004\077\004\103\004\101\004\072\004\060}{section.1.5}% 34
\BOOKMARK [2][-]{subsection.1.5.9}{\376\377\004\040\004\065\004\063\004\103\004\073\004\117\004\100\004\070\004\067\004\060\004\106\004\070\004\117}{section.1.5}% 35
\BOOKMARK [1][-]{section.1.6}{\376\377\004\022\004\065\004\072\004\102\004\076\004\100\004\075\004\113\004\065\000\040\004\077\004\100\004\065\004\064\004\101\004\102\004\060\004\062\004\073\004\065\004\075\004\070\004\117\000\040\004\070\000\040\004\101\004\065\004\074\004\060\004\075\004\102\004\070\004\072\004\070}{chapter.1}% 36
\BOOKMARK [2][-]{subsection.1.6.1}{\376\377\004\022\004\065\004\072\004\102\004\076\004\100\004\075\004\113\004\065\000\040\004\101\004\065\004\074\004\060\004\075\004\102\004\070\004\072\004\070}{section.1.6}% 37
\BOOKMARK [2][-]{subsection.1.6.2}{\376\377\004\041\004\073\004\076\004\062\004\060\000\040\004\070\000\040\004\062\004\065\004\072\004\102\004\076\004\100\004\113}{section.1.6}% 38
\BOOKMARK [2][-]{subsection.1.6.3}{\376\377\004\041\004\073\004\076\004\062\004\060\000\040\004\072\004\060\004\072\000\040\004\062\004\065\004\072\004\102\004\076\004\100\004\113}{section.1.6}% 39
\BOOKMARK [2][-]{subsection.1.6.4}{\376\377\004\032\004\076\004\101\004\070\004\075\004\103\004\101\000\040\004\064\004\073\004\117\000\040\004\070\004\067\004\074\004\065\004\100\004\065\004\075\004\070\004\117\000\040\004\100\004\060\004\101\004\101\004\102\004\076\004\117\004\075\004\070\004\117\000\040\004\074\004\065\004\066\004\064\004\103\000\040\004\101\004\073\004\076\004\062\004\060\004\074\004\070}{section.1.6}% 40
\BOOKMARK [2][-]{subsection.1.6.5}{\376\377\000T\000F\000-\000I\000D\000F\000:\000\040\004\062\004\065\004\101\004\060\000\040\004\062\000\040\004\102\004\065\004\100\004\074\004\070\004\075\004\060\004\105\000\040\004\062\004\065\004\072\004\102\004\076\004\100\004\076\004\062}{section.1.6}% 41
\BOOKMARK [2][-]{subsection.1.6.6}{\376\377\000W\000o\000r\000d\0002\000v\000e\000c}{section.1.6}% 42
\BOOKMARK [0][-]{chapter.2}{\376\377\004\041\004\077\004\065\004\106\004\070\004\060\004\073\004\114\004\075\004\060\004\117\000\040\004\107\004\060\004\101\004\102\004\114}{}% 43
\BOOKMARK [1][-]{section.2.1}{\376\377\004\041\004\076\004\064\004\065\004\100\004\066\004\060\004\102\004\065\004\073\004\114\004\075\004\060\004\117\000\040\004\077\004\076\004\101\004\102\004\060\004\075\004\076\004\062\004\072\004\060\000\040\004\067\004\060\004\064\004\060\004\107\004\070}{chapter.2}% 44
\BOOKMARK [1][-]{section.2.2}{\376\377\004\034\004\060\004\102\004\065\004\074\004\060\004\102\004\070\004\107\004\065\004\101\004\072\004\060\004\117\000\040\004\077\004\076\004\101\004\102\004\060\004\075\004\076\004\062\004\072\004\060\000\040\004\067\004\060\004\064\004\060\004\107\004\070}{chapter.2}% 45
\BOOKMARK [1][-]{section.2.3}{\376\377\004\044\004\103\004\075\004\072\004\106\004\070\004\076\004\075\004\060\004\073\004\114\004\075\004\060\004\117\000\040\004\101\004\105\004\065\004\074\004\060\000\040\004\100\004\065\004\110\004\065\004\075\004\070\004\117}{chapter.2}% 46
\BOOKMARK [1][-]{section.2.4}{\376\377\004\036\004\077\004\070\004\101\004\060\004\075\004\070\004\065\000\040\004\077\004\100\004\065\004\064\004\074\004\065\004\102\004\075\004\076\004\071\000\040\004\076\004\061\004\073\004\060\004\101\004\102\004\070}{chapter.2}% 47
\BOOKMARK [1][-]{section.2.5}{\376\377\004\044\004\076\004\100\004\074\004\060\004\102\000\040\004\062\004\105\004\076\004\064\004\075\004\113\004\105\000\040\004\070\000\040\004\062\004\113\004\105\004\076\004\064\004\075\004\113\004\105\000\040\004\064\004\060\004\075\004\075\004\113\004\105}{chapter.2}% 48
\BOOKMARK [1][-]{section.2.6}{\376\377\004\040\004\060\004\067\004\100\004\060\004\061\004\076\004\102\004\060\004\075\004\075\004\076\004\065\000\040\004\060\004\073\004\063\004\076\004\100\004\070\004\102\004\074\004\070\004\107\004\065\004\101\004\072\004\076\004\065\000\040\004\070\000\040\004\074\004\060\004\102\004\065\004\074\004\060\004\102\004\070\004\107\004\065\004\101\004\072\004\076\004\065\000\040\004\076\004\061\004\065\004\101\004\077\004\065\004\107\004\065\004\075\004\070\004\065}{chapter.2}% 49
\BOOKMARK [2][-]{subsection.2.6.1}{\376\377\004\034\004\076\004\064\004\103\004\073\004\114\000\040\004\075\004\076\004\100\004\074\004\060\004\073\004\070\004\067\004\060\004\106\004\070\004\070\000\040\004\102\004\065\004\072\004\101\004\102\004\060}{section.2.6}% 50
\BOOKMARK [2][-]{subsection.2.6.2}{\376\377\004\034\004\076\004\064\004\103\004\073\004\114\000\040\004\076\004\107\004\070\004\101\004\102\004\072\004\070\000\040\004\102\004\065\004\072\004\101\004\102\004\060}{section.2.6}% 51
\BOOKMARK [2][-]{subsection.2.6.3}{\376\377\004\034\004\076\004\064\004\103\004\073\004\114\000\040\004\072\004\073\004\060\004\101\004\102\004\065\004\100\004\070\004\067\004\060\004\106\004\070\004\070}{section.2.6}% 52
\BOOKMARK [2][-]{subsection.2.6.4}{\376\377\004\022\004\113\004\062\004\076\004\064\000\040\004\101\004\070\004\101\004\102\004\065\004\074\004\113}{section.2.6}% 53
\BOOKMARK [0][-]{chapter*.20}{\376\377\004\027\004\060\004\072\004\073\004\116\004\107\004\065\004\075\004\070\004\065}{}% 54
